2021-05-29 09:46:06,006 INFO o.a.j.u.JMeterUtils: Setting Locale to en_EN
2021-05-29 09:46:06,088 INFO o.a.j.JMeter: Loading user properties from: /home/martelleur/JMeter/apache-jmeter-5.3/bin/user.properties
2021-05-29 09:46:06,091 INFO o.a.j.JMeter: Loading system properties from: /home/martelleur/JMeter/apache-jmeter-5.3/bin/system.properties
2021-05-29 09:46:06,096 INFO o.a.j.JMeter: Copyright (c) 1998-2020 The Apache Software Foundation
2021-05-29 09:46:06,096 INFO o.a.j.JMeter: Version 5.3
2021-05-29 09:46:06,097 INFO o.a.j.JMeter: java.version=11.0.11
2021-05-29 09:46:06,097 INFO o.a.j.JMeter: java.vm.name=OpenJDK 64-Bit Server VM
2021-05-29 09:46:06,097 INFO o.a.j.JMeter: os.name=Linux
2021-05-29 09:46:06,097 INFO o.a.j.JMeter: os.arch=amd64
2021-05-29 09:46:06,097 INFO o.a.j.JMeter: os.version=5.8.0-53-generic
2021-05-29 09:46:06,097 INFO o.a.j.JMeter: file.encoding=UTF-8
2021-05-29 09:46:06,097 INFO o.a.j.JMeter: java.awt.headless=null
2021-05-29 09:46:06,098 INFO o.a.j.JMeter: Max memory     =1073741824
2021-05-29 09:46:06,098 INFO o.a.j.JMeter: Available Processors =4
2021-05-29 09:46:06,126 INFO o.a.j.JMeter: Default Locale=English (EN)
2021-05-29 09:46:06,127 INFO o.a.j.JMeter: JMeter  Locale=English (EN)
2021-05-29 09:46:06,128 INFO o.a.j.JMeter: JMeterHome=/home/martelleur/JMeter/apache-jmeter-5.3
2021-05-29 09:46:06,128 INFO o.a.j.JMeter: user.dir  =/media/intenso_drive_512/martelleur/LNU/2dv609/2dv609_prototypes/WinnerDrinks
2021-05-29 09:46:06,128 INFO o.a.j.JMeter: PWD       =/media/intenso_drive_512/martelleur/LNU/2dv609/2dv609_prototypes/WinnerDrinks
2021-05-29 09:46:06,129 INFO o.a.j.JMeter: IP: 127.0.1.1 Name: martelleur-MacBookAir FullName: martelleur-MacBookAir
2021-05-29 09:46:07,493 INFO o.a.j.JMeter: Setting LAF to: com.github.weisj.darklaf.DarkLaf:com.github.weisj.darklaf.theme.DarculaTheme
2021-05-29 09:46:08,355 INFO o.a.j.JMeter: Loaded icon properties from org/apache/jmeter/images/icon.properties
2021-05-29 09:46:12,079 INFO o.j.r.JARSourceHTTP: Requesting https://jmeter-plugins.org/repo/?installID=linux-ade52d2addbc7b6aa2c3390449358a4b-gui
2021-05-29 09:46:14,350 INFO c.b.j.c.i.CitrixInstaller: Reading /com/blazemeter/jmeter/citrix/installer/saveservice-excerpt.properties
2021-05-29 09:46:14,369 INFO c.b.j.c.i.CitrixInstaller: /com/blazemeter/jmeter/citrix/installer/saveservice-excerpt.properties contains 

# Add the following line at the end of JMeter saveservice.properties file

_com.blazemeter.jmeter.citrix.sampler.CitrixSampleResultConverter=collection

2021-05-29 09:46:14,370 INFO c.b.j.c.i.CitrixInstaller: Reading /home/martelleur/JMeter/apache-jmeter-5.3/bin/saveservice.properties
2021-05-29 09:46:14,376 INFO c.b.j.c.i.CitrixInstaller: Read from /home/martelleur/JMeter/apache-jmeter-5.3/bin/saveservice.properties content:#
# Licensed to the Apache Software Foundation (ASF) under one or more
# contributor license agreements.  See the NOTICE file distributed with
# this work for additional information regarding copyright ownership.
# The ASF licenses this file to you under the Apache License, Version 2.0
# (the "License"); you may not use this file except in compliance with
# the License.  You may obtain a copy of the License at
#
# http://www.apache.org/licenses/LICENSE-2.0
#
# Unless required by applicable law or agreed to in writing, software
# distributed under the License is distributed on an "AS IS" BASIS,
# WITHOUT WARRANTIES OR CONDITIONS OF ANY KIND, either express or implied.
# See the License for the specific language governing permissions and
# limitations under the License.
#

#---------------------------------------------------------
#         SAVESERVICE PROPERTIES - JMETER INTERNAL USE ONLY
#---------------------------------------------------------

# This file is used to define how XStream (de-)serializes classnames
# in JMX test plan files.

#      FOR JMETER INTERNAL USE ONLY

#---------------------------------------------------------

# N.B. To ensure backward compatibility, please do NOT change or delete any entries

# New entries can be added as necessary.
#
# Note that keys starting with an underscore are special,
# and are not used as aliases.
#
# Please keep the entries in alphabetical order within the sections
# to reduce the likelihood of duplicates
#
# version number of this file is now computed by a sha1 sum, so no need for
# an explicit _file_version property anymore.
#
# For this sha1 sum we ignore every newline character. It can be computed
# by the following command:
#
# cat bin/saveservice.properties | perl -ne 'chomp; print' | sha1sum
#
# Be aware, that every change in this file will change the sha1 sum!
#
# Conversion version (for JMX output files)
# Must be updated if the file has been changed since the previous release
# Format is:
# Save service version=JMeter version at which change occurred
# 1.7 = 2.1.1
# 1.8 = 2.1.2
# (Some version updates were missed here...)
# 2.0 = 2.3.1
# 2.1 = 2.3.2
# (Some version updates were missed here...)
# 2.2 = 2.6
# 2.3 = 2.7
# 2.4 = 2.9
# 2.5 = 2.10
# 2.6 = 2.11
# 2.7 = 2.12
# 2.8 = 2.13
# 2.9 = 2.14
# 3.1 = 3.1
# 3.2 = 3.2
# 4.0 = 4.0
# 5.0 = 5.0
_version=5.0
#
#
# Character set encoding used to read and write JMeter XML files and CSV results
#
_file_encoding=UTF-8
#
#---------------------------------------------------------
#
# The following properties are used to create aliases
# [Must all start with capital letter]
#
AccessLogSampler=org.apache.jmeter.protocol.http.sampler.AccessLogSampler
AjpSampler=org.apache.jmeter.protocol.http.sampler.AjpSampler
AjpSamplerGui=org.apache.jmeter.protocol.http.control.gui.AjpSamplerGui
AnchorModifier=org.apache.jmeter.protocol.http.modifier.AnchorModifier
AnchorModifierGui=org.apache.jmeter.protocol.http.modifier.gui.AnchorModifierGui
Argument=org.apache.jmeter.config.Argument
Arguments=org.apache.jmeter.config.Arguments
ArgumentsPanel=org.apache.jmeter.config.gui.ArgumentsPanel
AssertionGui=org.apache.jmeter.assertions.gui.AssertionGui
AssertionVisualizer=org.apache.jmeter.visualizers.AssertionVisualizer
AuthManager=org.apache.jmeter.protocol.http.control.AuthManager
Authorization=org.apache.jmeter.protocol.http.control.Authorization
AuthPanel=org.apache.jmeter.protocol.http.gui.AuthPanel
BackendListener=org.apache.jmeter.visualizers.backend.BackendListener
BackendListenerGui=org.apache.jmeter.visualizers.backend.BackendListenerGui
BeanShellAssertion=org.apache.jmeter.assertions.BeanShellAssertion
BeanShellAssertionGui=org.apache.jmeter.assertions.gui.BeanShellAssertionGui
BeanShellListener=org.apache.jmeter.visualizers.BeanShellListener
BeanShellPostProcessor=org.apache.jmeter.extractor.BeanShellPostProcessor
BeanShellPreProcessor=org.apache.jmeter.modifiers.BeanShellPreProcessor
BeanShellSampler=org.apache.jmeter.protocol.java.sampler.BeanShellSampler
BeanShellSamplerGui=org.apache.jmeter.protocol.java.control.gui.BeanShellSamplerGui
BeanShellTimer=org.apache.jmeter.timers.BeanShellTimer
BoundaryExtractor=org.apache.jmeter.extractor.BoundaryExtractor
BoundaryExtractorGui=org.apache.jmeter.extractor.gui.BoundaryExtractorGui
BSFAssertion=org.apache.jmeter.assertions.BSFAssertion
BSFListener=org.apache.jmeter.visualizers.BSFListener
BSFPreProcessor=org.apache.jmeter.modifiers.BSFPreProcessor
BSFPostProcessor=org.apache.jmeter.extractor.BSFPostProcessor
BSFSampler=org.apache.jmeter.protocol.java.sampler.BSFSampler
BSFSamplerGui=org.apache.jmeter.protocol.java.control.gui.BSFSamplerGui
BSFTimer=org.apache.jmeter.timers.BSFTimer
CacheManager=org.apache.jmeter.protocol.http.control.CacheManager
CacheManagerGui=org.apache.jmeter.protocol.http.gui.CacheManagerGui
CompareAssertion=org.apache.jmeter.assertions.CompareAssertion
ComparisonVisualizer=org.apache.jmeter.visualizers.ComparisonVisualizer
ConfigTestElement=org.apache.jmeter.config.ConfigTestElement
ConstantThroughputTimer=org.apache.jmeter.timers.ConstantThroughputTimer
ConstantTimer=org.apache.jmeter.timers.ConstantTimer
ConstantTimerGui=org.apache.jmeter.timers.gui.ConstantTimerGui
Cookie=org.apache.jmeter.protocol.http.control.Cookie
CookieManager=org.apache.jmeter.protocol.http.control.CookieManager
CookiePanel=org.apache.jmeter.protocol.http.gui.CookiePanel
CounterConfig=org.apache.jmeter.modifiers.CounterConfig
CriticalSectionController=org.apache.jmeter.control.CriticalSectionController
CriticalSectionControllerGui=org.apache.jmeter.control.gui.CriticalSectionControllerGui
CounterConfigGui=org.apache.jmeter.modifiers.gui.CounterConfigGui
CSVDataSet=org.apache.jmeter.config.CSVDataSet
DebugPostProcessor=org.apache.jmeter.extractor.DebugPostProcessor
DebugSampler=org.apache.jmeter.sampler.DebugSampler
# removed in 3.1, class was deleted in r1763837
DistributionGraphVisualizer=org.apache.jmeter.visualizers.DistributionGraphVisualizer
DNSCacheManager=org.apache.jmeter.protocol.http.control.DNSCacheManager
DNSCachePanel=org.apache.jmeter.protocol.http.gui.DNSCachePanel
DurationAssertion=org.apache.jmeter.assertions.DurationAssertion
DurationAssertionGui=org.apache.jmeter.assertions.gui.DurationAssertionGui
PreciseThroughputTimer=org.apache.jmeter.timers.poissonarrivals.PreciseThroughputTimer
# Should really have been defined as floatProp to agree with other properties
# No point changing this now
FloatProperty=org.apache.jmeter.testelement.property.FloatProperty
ForeachController=org.apache.jmeter.control.ForeachController
ForeachControlPanel=org.apache.jmeter.control.gui.ForeachControlPanel
FtpConfigGui=org.apache.jmeter.protocol.ftp.config.gui.FtpConfigGui
FTPSampler=org.apache.jmeter.protocol.ftp.sampler.FTPSampler
FtpTestSamplerGui=org.apache.jmeter.protocol.ftp.control.gui.FtpTestSamplerGui
GaussianRandomTimer=org.apache.jmeter.timers.GaussianRandomTimer
GaussianRandomTimerGui=org.apache.jmeter.timers.gui.GaussianRandomTimerGui
GenericController=org.apache.jmeter.control.GenericController
GraphAccumVisualizer=org.apache.jmeter.visualizers.GraphAccumVisualizer
GraphVisualizer=org.apache.jmeter.visualizers.GraphVisualizer
Header=org.apache.jmeter.protocol.http.control.Header
HeaderManager=org.apache.jmeter.protocol.http.control.HeaderManager
HeaderPanel=org.apache.jmeter.protocol.http.gui.HeaderPanel
HTMLAssertion=org.apache.jmeter.assertions.HTMLAssertion
HTMLAssertionGui=org.apache.jmeter.assertions.gui.HTMLAssertionGui
HTTPArgument=org.apache.jmeter.protocol.http.util.HTTPArgument
HTTPArgumentsPanel=org.apache.jmeter.protocol.http.gui.HTTPArgumentsPanel
HTTPFileArg=org.apache.jmeter.protocol.http.util.HTTPFileArg
HTTPFileArgs=org.apache.jmeter.protocol.http.util.HTTPFileArgs
HttpDefaultsGui=org.apache.jmeter.protocol.http.config.gui.HttpDefaultsGui
HtmlExtractor=org.apache.jmeter.extractor.HtmlExtractor
HtmlExtractorGui=org.apache.jmeter.extractor.gui.HtmlExtractorGui
# removed in r1039684, probably not released. Not present in r322831 or since.
#HttpGenericSampler=org.apache.jmeter.protocol.http.sampler.HttpGenericSampler
# removed in r1039684, probably not released. Not present in r322831 or since.
#HttpGenericSamplerGui=org.apache.jmeter.protocol.http.control.gui.HttpGenericSamplerGui
HttpMirrorControl=org.apache.jmeter.protocol.http.control.HttpMirrorControl
HttpMirrorControlGui=org.apache.jmeter.protocol.http.control.gui.HttpMirrorControlGui
# r397955 - removed test class. Keep as commented entry for info only.
#HTTPNullSampler=org.apache.jmeter.protocol.http.sampler.HTTPNullSampler
# Merge previous 2 HTTP samplers into one
HTTPSampler_=org.apache.jmeter.protocol.http.sampler.HTTPSampler
HTTPSampler2_=org.apache.jmeter.protocol.http.sampler.HTTPSampler2
HTTPSamplerProxy,HTTPSampler,HTTPSampler2=org.apache.jmeter.protocol.http.sampler.HTTPSamplerProxy
# Merge GUIs
HttpTestSampleGui,HttpTestSampleGui2=org.apache.jmeter.protocol.http.control.gui.HttpTestSampleGui
#HttpTestSampleGui2=org.apache.jmeter.protocol.http.control.gui.HttpTestSampleGui2
IfController=org.apache.jmeter.control.IfController
IfControllerPanel=org.apache.jmeter.control.gui.IfControllerPanel
IncludeController=org.apache.jmeter.control.IncludeController
IncludeControllerGui=org.apache.jmeter.control.gui.IncludeControllerGui
InterleaveControl=org.apache.jmeter.control.InterleaveControl
InterleaveControlGui=org.apache.jmeter.control.gui.InterleaveControlGui
JavaConfig=org.apache.jmeter.protocol.java.config.JavaConfig
JavaConfigGui=org.apache.jmeter.protocol.java.config.gui.JavaConfigGui
JavaSampler=org.apache.jmeter.protocol.java.sampler.JavaSampler
JavaTest=org.apache.jmeter.protocol.java.test.JavaTest
JavaTestSamplerGui=org.apache.jmeter.protocol.java.control.gui.JavaTestSamplerGui
JDBCDataSource=org.apache.jmeter.protocol.jdbc.config.DataSourceElement
JDBCPostProcessor=org.apache.jmeter.protocol.jdbc.processor.JDBCPostProcessor
JDBCPreProcessor=org.apache.jmeter.protocol.jdbc.processor.JDBCPreProcessor
JDBCSampler=org.apache.jmeter.protocol.jdbc.sampler.JDBCSampler
JMESPathAssertion=org.apache.jmeter.assertions.jmespath.JMESPathAssertion
JMESPathAssertionGui=org.apache.jmeter.assertions.jmespath.gui.JMESPathAssertionGui
JMESPathExtractor=org.apache.jmeter.extractor.json.jmespath.JMESPathExtractor
JMESPathExtractorGui=org.apache.jmeter.extractor.json.jmespath.gui.JMESPathExtractorGui
# Renamed to JMSSamplerGui; keep original entry for backwards compatibility
JMSConfigGui=org.apache.jmeter.protocol.jms.control.gui.JMSConfigGui
JMSProperties=org.apache.jmeter.protocol.jms.sampler.JMSProperties
JMSProperty=org.apache.jmeter.protocol.jms.sampler.JMSProperty
JMSPublisherGui=org.apache.jmeter.protocol.jms.control.gui.JMSPublisherGui
JMSSampler=org.apache.jmeter.protocol.jms.sampler.JMSSampler
JMSSamplerGui=org.apache.jmeter.protocol.jms.control.gui.JMSSamplerGui
JMSSubscriberGui=org.apache.jmeter.protocol.jms.control.gui.JMSSubscriberGui
JSONPathAssertion=org.apache.jmeter.assertions.JSONPathAssertion
JSONPathAssertionGui=org.apache.jmeter.assertions.gui.JSONPathAssertionGui
JSONPostProcessor=org.apache.jmeter.extractor.json.jsonpath.JSONPostProcessor
JSONPostProcessorGui=org.apache.jmeter.extractor.json.jsonpath.gui.JSONPostProcessorGui
# Removed in r545311 as Jndi no longer present; keep for compat.
JndiDefaultsGui=org.apache.jmeter.protocol.jms.control.gui.JndiDefaultsGui
JSR223Assertion=org.apache.jmeter.assertions.JSR223Assertion
JSR223Listener=org.apache.jmeter.visualizers.JSR223Listener
JSR223PostProcessor=org.apache.jmeter.extractor.JSR223PostProcessor
JSR223PreProcessor=org.apache.jmeter.modifiers.JSR223PreProcessor
JSR223Sampler=org.apache.jmeter.protocol.java.sampler.JSR223Sampler
JSR223Timer=org.apache.jmeter.timers.JSR223Timer
JUnitSampler=org.apache.jmeter.protocol.java.sampler.JUnitSampler
JUnitTestSamplerGui=org.apache.jmeter.protocol.java.control.gui.JUnitTestSamplerGui
KeystoreConfig=org.apache.jmeter.config.KeystoreConfig
LDAPArgument=org.apache.jmeter.protocol.ldap.config.gui.LDAPArgument
LDAPArguments=org.apache.jmeter.protocol.ldap.config.gui.LDAPArguments
LDAPArgumentsPanel=org.apache.jmeter.protocol.ldap.config.gui.LDAPArgumentsPanel
LdapConfigGui=org.apache.jmeter.protocol.ldap.config.gui.LdapConfigGui
LdapExtConfigGui=org.apache.jmeter.protocol.ldap.config.gui.LdapExtConfigGui
LDAPExtSampler=org.apache.jmeter.protocol.ldap.sampler.LDAPExtSampler
LdapExtTestSamplerGui=org.apache.jmeter.protocol.ldap.control.gui.LdapExtTestSamplerGui
LDAPSampler=org.apache.jmeter.protocol.ldap.sampler.LDAPSampler
LdapTestSamplerGui=org.apache.jmeter.protocol.ldap.control.gui.LdapTestSamplerGui
LogicControllerGui=org.apache.jmeter.control.gui.LogicControllerGui
LoginConfig=org.apache.jmeter.config.LoginConfig
LoginConfigGui=org.apache.jmeter.config.gui.LoginConfigGui
LoopController=org.apache.jmeter.control.LoopController
LoopControlPanel=org.apache.jmeter.control.gui.LoopControlPanel
MailerModel=org.apache.jmeter.reporters.MailerModel
MailerResultCollector=org.apache.jmeter.reporters.MailerResultCollector
MailerVisualizer=org.apache.jmeter.visualizers.MailerVisualizer
MailReaderSampler=org.apache.jmeter.protocol.mail.sampler.MailReaderSampler
MailReaderSamplerGui=org.apache.jmeter.protocol.mail.sampler.gui.MailReaderSamplerGui
MD5HexAssertion=org.apache.jmeter.assertions.MD5HexAssertion
MD5HexAssertionGUI=org.apache.jmeter.assertions.gui.MD5HexAssertionGUI
ModuleController=org.apache.jmeter.control.ModuleController
ModuleControllerGui=org.apache.jmeter.control.gui.ModuleControllerGui
MongoScriptSampler=org.apache.jmeter.protocol.mongodb.sampler.MongoScriptSampler
MongoSourceElement=org.apache.jmeter.protocol.mongodb.config.MongoSourceElement

# removed in 3.2, class was deleted in r
MonitorHealthVisualizer=org.apache.jmeter.visualizers.MonitorHealthVisualizer

NamePanel=org.apache.jmeter.gui.NamePanel
BoltSampler=org.apache.jmeter.protocol.bolt.sampler.BoltSampler
BoltConnectionElement=org.apache.jmeter.protocol.bolt.config.BoltConnectionElement
ObsoleteGui=org.apache.jmeter.config.gui.ObsoleteGui
OnceOnlyController=org.apache.jmeter.control.OnceOnlyController
OnceOnlyControllerGui=org.apache.jmeter.control.gui.OnceOnlyControllerGui
# removed in 3.0, class was deleted in r1722962
ParamMask=org.apache.jmeter.protocol.http.modifier.ParamMask
# removed in 3.0, class was deleted in r1722757
ParamModifier=org.apache.jmeter.protocol.http.modifier.ParamModifier
# removed in 3.0, class was deleted in r1722757
ParamModifierGui=org.apache.jmeter.protocol.http.modifier.gui.ParamModifierGui
PoissonRandomTimer=org.apache.jmeter.timers.PoissonRandomTimer
PoissonRandomTimerGui=org.apache.jmeter.timers.gui.PoissonRandomTimerGui
PropertyControlGui=org.apache.jmeter.visualizers.PropertyControlGui
ProxyControl=org.apache.jmeter.protocol.http.proxy.ProxyControl
ProxyControlGui=org.apache.jmeter.protocol.http.proxy.gui.ProxyControlGui
PublisherSampler=org.apache.jmeter.protocol.jms.sampler.PublisherSampler
RandomControlGui=org.apache.jmeter.control.gui.RandomControlGui
RandomController=org.apache.jmeter.control.RandomController
RandomOrderController=org.apache.jmeter.control.RandomOrderController
RandomOrderControllerGui=org.apache.jmeter.control.gui.RandomOrderControllerGui
RandomVariableConfig=org.apache.jmeter.config.RandomVariableConfig
RecordController=org.apache.jmeter.protocol.http.control.gui.RecordController
RecordingController=org.apache.jmeter.protocol.http.control.RecordingController
# removed in r1039684, class was deleted in r580452
ReflectionThreadGroup=org.apache.jmeter.threads.ReflectionThreadGroup
RegexExtractor=org.apache.jmeter.extractor.RegexExtractor
RegexExtractorGui=org.apache.jmeter.extractor.gui.RegexExtractorGui
RegExUserParameters=org.apache.jmeter.protocol.http.modifier.RegExUserParameters
RegExUserParametersGui=org.apache.jmeter.protocol.http.modifier.gui.RegExUserParametersGui
RemoteListenerWrapper=org.apache.jmeter.samplers.RemoteListenerWrapper
RemoteSampleListenerWrapper=org.apache.jmeter.samplers.RemoteSampleListenerWrapper
RemoteTestListenerWrapper=org.apache.jmeter.samplers.RemoteTestListenerWrapper
RemoteThreadsListenerWrapper=org.apache.jmeter.threads.RemoteThreadsListenerWrapper
ResponseAssertion=org.apache.jmeter.assertions.ResponseAssertion
RespTimeGraphVisualizer=org.apache.jmeter.visualizers.RespTimeGraphVisualizer
ResultAction=org.apache.jmeter.reporters.ResultAction
ResultActionGui=org.apache.jmeter.reporters.gui.ResultActionGui
ResultCollector=org.apache.jmeter.reporters.ResultCollector
ResultSaver=org.apache.jmeter.reporters.ResultSaver
ResultSaverGui=org.apache.jmeter.reporters.gui.ResultSaverGui
RunTime=org.apache.jmeter.control.RunTime
RunTimeGui=org.apache.jmeter.control.gui.RunTimeGui
SampleSaveConfiguration=org.apache.jmeter.samplers.SampleSaveConfiguration
SampleTimeout=org.apache.jmeter.modifiers.SampleTimeout
SampleTimeoutGui=org.apache.jmeter.modifiers.gui.SampleTimeoutGui
SimpleConfigGui=org.apache.jmeter.config.gui.SimpleConfigGui
SimpleDataWriter=org.apache.jmeter.visualizers.SimpleDataWriter
SizeAssertion=org.apache.jmeter.assertions.SizeAssertion
SizeAssertionGui=org.apache.jmeter.assertions.gui.SizeAssertionGui
SMIMEAssertion=org.apache.jmeter.assertions.SMIMEAssertionTestElement
SMIMEAssertionGui=org.apache.jmeter.assertions.gui.SMIMEAssertionGui
SmtpSampler=org.apache.jmeter.protocol.smtp.sampler.SmtpSampler
SmtpSamplerGui=org.apache.jmeter.protocol.smtp.sampler.gui.SmtpSamplerGui

# removed in 3.2, class was deleted in r
SoapSampler=org.apache.jmeter.protocol.http.sampler.SoapSampler
# removed in 3.2, class was deleted in r
SoapSamplerGui=org.apache.jmeter.protocol.http.control.gui.SoapSamplerGui

# removed in 3.1, class was deleted in r1763837
SplineVisualizer=org.apache.jmeter.visualizers.SplineVisualizer
# Originally deleted in r397955 as class is obsolete; needed for compat.
SqlConfigGui=org.apache.jmeter.protocol.jdbc.config.gui.SqlConfigGui
StaticHost=org.apache.jmeter.protocol.http.control.StaticHost
StatGraphVisualizer=org.apache.jmeter.visualizers.StatGraphVisualizer
StatVisualizer=org.apache.jmeter.visualizers.StatVisualizer
SubscriberSampler=org.apache.jmeter.protocol.jms.sampler.SubscriberSampler
SubstitutionElement=org.apache.jmeter.assertions.SubstitutionElement
Summariser=org.apache.jmeter.reporters.Summariser
SummariserGui=org.apache.jmeter.reporters.gui.SummariserGui
SummaryReport=org.apache.jmeter.visualizers.SummaryReport
SwitchController=org.apache.jmeter.control.SwitchController
SwitchControllerGui=org.apache.jmeter.control.gui.SwitchControllerGui
SyncTimer=org.apache.jmeter.timers.SyncTimer
SystemSampler=org.apache.jmeter.protocol.system.SystemSampler
SystemSamplerGui=org.apache.jmeter.protocol.system.gui.SystemSamplerGui
TableVisualizer=org.apache.jmeter.visualizers.TableVisualizer
TCPConfigGui=org.apache.jmeter.protocol.tcp.config.gui.TCPConfigGui
TCPSampler=org.apache.jmeter.protocol.tcp.sampler.TCPSampler
TCPSamplerGui=org.apache.jmeter.protocol.tcp.control.gui.TCPSamplerGui
TestAction=org.apache.jmeter.sampler.TestAction
TestActionGui=org.apache.jmeter.sampler.gui.TestActionGui
TestBeanGUI=org.apache.jmeter.testbeans.gui.TestBeanGUI
TestFragmentController=org.apache.jmeter.control.TestFragmentController
TestFragmentControllerGui=org.apache.jmeter.control.gui.TestFragmentControllerGui
TestPlan=org.apache.jmeter.testelement.TestPlan
TestPlanGui=org.apache.jmeter.control.gui.TestPlanGui
ThreadGroup=org.apache.jmeter.threads.ThreadGroup
ThreadGroupGui=org.apache.jmeter.threads.gui.ThreadGroupGui
PostThreadGroup=org.apache.jmeter.threads.PostThreadGroup
PostThreadGroupGui=org.apache.jmeter.threads.gui.PostThreadGroupGui
SetupThreadGroup=org.apache.jmeter.threads.SetupThreadGroup
SetupThreadGroupGui=org.apache.jmeter.threads.gui.SetupThreadGroupGui
ThroughputController=org.apache.jmeter.control.ThroughputController
ThroughputControllerGui=org.apache.jmeter.control.gui.ThroughputControllerGui
TransactionController=org.apache.jmeter.control.TransactionController
TransactionControllerGui=org.apache.jmeter.control.gui.TransactionControllerGui
TransactionSampler=org.apache.jmeter.control.TransactionSampler
UniformRandomTimer=org.apache.jmeter.timers.UniformRandomTimer
UniformRandomTimerGui=org.apache.jmeter.timers.gui.UniformRandomTimerGui
URLRewritingModifier=org.apache.jmeter.protocol.http.modifier.URLRewritingModifier
URLRewritingModifierGui=org.apache.jmeter.protocol.http.modifier.gui.URLRewritingModifierGui
UserParameterModifier=org.apache.jmeter.protocol.http.modifier.UserParameterModifier
UserParameterModifierGui=org.apache.jmeter.protocol.http.modifier.gui.UserParameterModifierGui
UserParameters=org.apache.jmeter.modifiers.UserParameters
UserParametersGui=org.apache.jmeter.modifiers.gui.UserParametersGui
ViewResultsFullVisualizer=org.apache.jmeter.visualizers.ViewResultsFullVisualizer
# removed in 3.0, class was deleted in r1722757
WebServiceSampler=org.apache.jmeter.protocol.http.sampler.WebServiceSampler
# removed in 3.0, class was deleted in r1722757
WebServiceSamplerGui=org.apache.jmeter.protocol.http.control.gui.WebServiceSamplerGui
WhileController=org.apache.jmeter.control.WhileController
WhileControllerGui=org.apache.jmeter.control.gui.WhileControllerGui
WorkBench=org.apache.jmeter.testelement.WorkBench
WorkBenchGui=org.apache.jmeter.control.gui.WorkBenchGui
XMLAssertion=org.apache.jmeter.assertions.XMLAssertion
XMLAssertionGui=org.apache.jmeter.assertions.gui.XMLAssertionGui
XMLSchemaAssertion=org.apache.jmeter.assertions.XMLSchemaAssertion
XMLSchemaAssertionGUI=org.apache.jmeter.assertions.gui.XMLSchemaAssertionGUI
XPathAssertion=org.apache.jmeter.assertions.XPathAssertion
XPathAssertionGui=org.apache.jmeter.assertions.gui.XPathAssertionGui
XPath2Assertion=org.apache.jmeter.assertions.XPath2Assertion
XPath2AssertionGui=org.apache.jmeter.assertions.gui.XPath2AssertionGui
XPathExtractor=org.apache.jmeter.extractor.XPathExtractor
XPathExtractorGui=org.apache.jmeter.extractor.gui.XPathExtractorGui
XPath2Extractor=org.apache.jmeter.extractor.XPath2Extractor
XPath2ExtractorGui=org.apache.jmeter.extractor.gui.XPath2ExtractorGui

# Properties - all start with lower case letter and end with Prop
#
boolProp=org.apache.jmeter.testelement.property.BooleanProperty
collectionProp=org.apache.jmeter.testelement.property.CollectionProperty
doubleProp=org.apache.jmeter.testelement.property.DoubleProperty
elementProp=org.apache.jmeter.testelement.property.TestElementProperty
# see above - already defined as FloatProperty
#floatProp=org.apache.jmeter.testelement.property.FloatProperty
intProp=org.apache.jmeter.testelement.property.IntegerProperty
longProp=org.apache.jmeter.testelement.property.LongProperty
mapProp=org.apache.jmeter.testelement.property.MapProperty
objProp=org.apache.jmeter.testelement.property.ObjectProperty
stringProp=org.apache.jmeter.testelement.property.StringProperty
#
# Other - must start with a lower case letter (and not end with Prop)
# (otherwise they could clash with the initial set of aliases)
#
hashTree=org.apache.jorphan.collections.ListedHashTree
jmeterTestPlan=org.apache.jmeter.save.ScriptWrapper
sample=org.apache.jmeter.samplers.SampleResult
httpSample=org.apache.jmeter.protocol.http.sampler.HTTPSampleResult
statSample=org.apache.jmeter.samplers.StatisticalSampleResult
testResults=org.apache.jmeter.save.TestResultWrapper
assertionResult=org.apache.jmeter.assertions.AssertionResult

# removed in 3.2, class was deleted in r
monitorStats=org.apache.jmeter.visualizers.MonitorStats
sampleEvent=org.apache.jmeter.samplers.SampleEvent
#
# Converters to register.  Must start line with '_'
# If the converter is a collection of subitems, set equal to "collection"
# If the converter needs to know the class mappings but is not a collection of
#      subitems, set it equal to "mapping"
_org.apache.jmeter.protocol.http.sampler.HTTPSamplerBaseConverter=collection
_org.apache.jmeter.protocol.http.util.HTTPResultConverter=collection
_org.apache.jmeter.save.converters.BooleanPropertyConverter=
_org.apache.jmeter.save.converters.IntegerPropertyConverter=
_org.apache.jmeter.save.converters.LongPropertyConverter=
_org.apache.jmeter.save.converters.MultiPropertyConverter=collection
_org.apache.jmeter.save.converters.SampleEventConverter=
_org.apache.jmeter.save.converters.SampleResultConverter=collection
_org.apache.jmeter.save.converters.SampleSaveConfigurationConverter=collection
_org.apache.jmeter.save.converters.StringPropertyConverter=
_org.apache.jmeter.save.converters.HashTreeConverter=collection
_org.apache.jmeter.save.converters.TestElementConverter=collection
_org.apache.jmeter.save.converters.TestElementPropertyConverter=collection
_org.apache.jmeter.save.converters.TestResultWrapperConverter=collection
_org.apache.jmeter.save.ScriptWrapperConverter=mapping
#
#	Remember to update the _version entry
#



# Add the following line at the end of JMeter saveservice.properties file

_com.blazemeter.jmeter.citrix.sampler.CitrixSampleResultConverter=collection

2021-05-29 09:46:14,391 INFO c.b.j.c.i.CitrixInstaller: File /home/martelleur/JMeter/apache-jmeter-5.3/bin/saveservice.properties already contains 

# Add the following line at the end of JMeter saveservice.properties file

_com.blazemeter.jmeter.citrix.sampler.CitrixSampleResultConverter=collection

2021-05-29 09:46:14,493 INFO o.a.j.g.a.t.TemplateManager: Reading templates from: /home/martelleur/JMeter/apache-jmeter-5.3/bin/templates/templates.xml
2021-05-29 09:46:14,541 INFO c.b.j.c.r.g.TemplateUpdater: Checking if we need to refresh XML template file /home/martelleur/JMeter/apache-jmeter-5.3/bin/templates/bzmCitrixTemplateWithParameters.xml
2021-05-29 09:46:14,548 INFO c.b.j.c.r.g.TemplateUpdater: Checking if we need to refresh JMX template file /home/martelleur/JMeter/apache-jmeter-5.3/bin/templates/citrixRecordingTemplateWithParameters.jmx
2021-05-29 09:46:14,567 INFO c.b.j.c.r.g.TemplateUpdater: Registering template Template [isTestPlan=true, name=BlazeMeter Citrix Recording, fileName=/bin/templates/citrixRecordingTemplateWithParameters.jmx, description=
        <h1>Template you can use to record a Citrix application called through ICA Client</h1>
        <p>This template is provided by Citrix Plugin which allows load testing Citrix Applications.<br/>
        Ensure you read Pre-requisites and User Manual before using the plugin. See <b>Useful links</b> below. 
        </p>
        <h2>Useful links</h2>
            <ul>
                <li><a href="https://github.com/Blazemeter/CitrixPlugin/blob/master/PRE_REQUISITES.md" >Citrix Plugin pre-requisites</a></li>
                <li><a href="https://github.com/Blazemeter/CitrixPlugin/blob/master/README.md" >Citrix Plugin user manual</a></li>
                <li><a href="http://jmeter.apache.org/usermanual/jmeter_proxy_step_by_step.pdf" >Recording Tests</a></li>
            </ul>
        , parameters={citrixPortalScheme=Citrix Portal scheme ? (http/https), citrixUsingHttps=Citrix Portal is using HTTPS ? (Yes/No), citrixRecordingOutputFile=citrix-recording.xml, citrixPortalHost=Citrix Portal Hostname, citrixPortalPort=Citrix Portal port ? (80/443/???), citrixPortalContextPath=Citrix Storefront Context Path ? , citrixDomain=Citrix Portal Login Domain, citrixLogin=Citrix Portal Login, citrixPassword=Citrix Portal Password, citrixApplicationName=Citrix Application you want to record}]
2021-05-29 09:46:14,762 INFO o.j.r.PluginManager: Plugins Status: [jpgc-graphs-basic=2.0, bzm-jmeter-citrix-plugin=0.7.0, bzm-siebel=1.1.1, bzm-hls=3.0.3, bzm-http2=1.6, bzm-rte=3.1, blazemeter-debugger=0.6, jpgc-sense=3.5, jpgc-perfmon=2.1, jpgc-plugins-manager=1.6, jmeter-core=5.3, jmeter-ftp=5.3, jmeter-http=5.3, jmeter-jdbc=5.3, jmeter-jms=5.3, jmeter-junit=5.3, jmeter-java=5.3, jmeter-ldap=5.3, jmeter-mail=5.3, jmeter-mongodb=5.3, jmeter-native=5.3, jmeter-tcp=5.3, jmeter-components=5.3]
2021-05-29 09:46:14,776 INFO o.j.r.PluginManagerMenuItem: Plugins Manager has upgrades: [bzm-jmeter-citrix-plugin, bzm-siebel, bzm-hls, bzm-http2, bzm-rte]
2021-05-29 09:46:15,220 INFO o.a.j.e.KeyToolUtils: keytool found at 'keytool'
2021-05-29 09:46:15,222 INFO o.a.j.p.h.p.ProxyControl: HTTP(S) Test Script Recorder SSL Proxy will use keys that support embedded 3rd party resources in file /home/martelleur/JMeter/apache-jmeter-5.3/bin/proxyserver.jks
2021-05-29 09:46:15,330 INFO c.b.j.c.CorrelationProxyControlGui: bzm - Correlation Recorder Test Plan Template installed
2021-05-29 09:46:15,332 INFO c.b.j.c.CorrelationProxyControlGui: Siebel Correlation's Template installed
2021-05-29 09:46:15,378 INFO o.a.j.p.h.s.HTTPSamplerBase: Parser for text/html is org.apache.jmeter.protocol.http.parser.LagartoBasedHtmlParser
2021-05-29 09:46:15,378 INFO o.a.j.p.h.s.HTTPSamplerBase: Parser for application/xhtml+xml is org.apache.jmeter.protocol.http.parser.LagartoBasedHtmlParser
2021-05-29 09:46:15,378 INFO o.a.j.p.h.s.HTTPSamplerBase: Parser for application/xml is org.apache.jmeter.protocol.http.parser.LagartoBasedHtmlParser
2021-05-29 09:46:15,378 INFO o.a.j.p.h.s.HTTPSamplerBase: Parser for text/xml is org.apache.jmeter.protocol.http.parser.LagartoBasedHtmlParser
2021-05-29 09:46:15,379 INFO o.a.j.p.h.s.HTTPSamplerBase: Parser for text/vnd.wap.wml is org.apache.jmeter.protocol.http.parser.RegexpHTMLParser
2021-05-29 09:46:15,379 INFO o.a.j.p.h.s.HTTPSamplerBase: Parser for text/css is org.apache.jmeter.protocol.http.parser.CssParser
2021-05-29 09:46:15,485 WARN o.a.j.u.JMeterUtils: no icon for toolbar/19x19arrow-right-3.png
2021-05-29 09:46:15,491 INFO o.a.j.s.SampleResult: Note: Sample TimeStamps are START times
2021-05-29 09:46:15,492 INFO o.a.j.s.SampleResult: sampleresult.default.encoding is set to ISO-8859-1
2021-05-29 09:46:15,492 INFO o.a.j.s.SampleResult: sampleresult.useNanoTime=true
2021-05-29 09:46:15,492 INFO o.a.j.s.SampleResult: sampleresult.nanoThreadSleep=5000
2021-05-29 09:46:15,923 WARN o.a.j.v.ViewResultsFullVisualizer: Error loading result renderer: org.apache.jmeter.visualizers.RenderInBrowser
java.lang.NoClassDefFoundError: javafx/embed/swing/JFXPanel
	at java.lang.Class.forName0(Native Method) ~[?:?]
	at java.lang.Class.forName(Class.java:315) ~[?:?]
	at com.blazemeter.jmeter.http2.visualizers.ViewResultsFullVisualizer.createComboRender(ViewResultsFullVisualizer.java:396) ~[jmeter-bzm-http2-1.6.jar:?]
	at com.blazemeter.jmeter.http2.visualizers.ViewResultsFullVisualizer.createLeftPanel(ViewResultsFullVisualizer.java:322) ~[jmeter-bzm-http2-1.6.jar:?]
	at com.blazemeter.jmeter.http2.visualizers.ViewResultsFullVisualizer.init(ViewResultsFullVisualizer.java:283) ~[jmeter-bzm-http2-1.6.jar:?]
	at com.blazemeter.jmeter.http2.visualizers.ViewResultsFullVisualizer.<init>(ViewResultsFullVisualizer.java:118) ~[jmeter-bzm-http2-1.6.jar:?]
	at jdk.internal.reflect.NativeConstructorAccessorImpl.newInstance0(Native Method) ~[?:?]
	at jdk.internal.reflect.NativeConstructorAccessorImpl.newInstance(NativeConstructorAccessorImpl.java:62) ~[?:?]
	at jdk.internal.reflect.DelegatingConstructorAccessorImpl.newInstance(DelegatingConstructorAccessorImpl.java:45) ~[?:?]
	at java.lang.reflect.Constructor.newInstance(Constructor.java:490) ~[?:?]
	at org.apache.jmeter.gui.util.MenuFactory.getGUIComponent(MenuFactory.java:207) ~[ApacheJMeter_core.jar:5.3]
	at org.apache.jmeter.gui.util.MenuFactory.initializeMenus(MenuFactory.java:151) ~[ApacheJMeter_core.jar:5.3]
	at org.apache.jmeter.gui.util.MenuFactory.<clinit>(MenuFactory.java:107) ~[ApacheJMeter_core.jar:5.3]
	at org.apache.jmeter.control.gui.TestPlanGui.createPopupMenu(TestPlanGui.java:94) ~[ApacheJMeter_core.jar:5.3]
	at org.apache.jmeter.gui.tree.JMeterTreeNode.createPopupMenu(JMeterTreeNode.java:184) ~[ApacheJMeter_core.jar:5.3]
	at org.apache.jmeter.gui.action.EditCommand.doAction(EditCommand.java:46) ~[ApacheJMeter_core.jar:5.3]
	at org.apache.jmeter.gui.action.ActionRouter.performAction(ActionRouter.java:87) ~[ApacheJMeter_core.jar:5.3]
	at org.apache.jmeter.gui.action.ActionRouter.lambda$actionPerformed$0(ActionRouter.java:69) ~[ApacheJMeter_core.jar:5.3]
	at java.awt.event.InvocationEvent.dispatch(InvocationEvent.java:313) [?:?]
	at java.awt.EventQueue.dispatchEventImpl(EventQueue.java:770) [?:?]
	at java.awt.EventQueue$4.run(EventQueue.java:721) [?:?]
	at java.awt.EventQueue$4.run(EventQueue.java:715) [?:?]
	at java.security.AccessController.doPrivileged(Native Method) ~[?:?]
	at java.security.ProtectionDomain$JavaSecurityAccessImpl.doIntersectionPrivilege(ProtectionDomain.java:85) [?:?]
	at java.awt.EventQueue.dispatchEvent(EventQueue.java:740) [?:?]
	at java.awt.EventDispatchThread.pumpOneEventForFilters(EventDispatchThread.java:203) [?:?]
	at java.awt.EventDispatchThread.pumpEventsForFilter(EventDispatchThread.java:124) [?:?]
	at java.awt.EventDispatchThread.pumpEventsForHierarchy(EventDispatchThread.java:113) [?:?]
	at java.awt.EventDispatchThread.pumpEvents(EventDispatchThread.java:109) [?:?]
	at java.awt.EventDispatchThread.pumpEvents(EventDispatchThread.java:101) [?:?]
	at java.awt.EventDispatchThread.run(EventDispatchThread.java:90) [?:?]
Caused by: java.lang.ClassNotFoundException: javafx.embed.swing.JFXPanel
	at java.net.URLClassLoader.findClass(URLClassLoader.java:471) ~[?:?]
	at java.lang.ClassLoader.loadClass(ClassLoader.java:589) ~[?:?]
	at java.lang.ClassLoader.loadClass(ClassLoader.java:522) ~[?:?]
	... 31 more
2021-05-29 09:46:21,435 INFO o.a.j.s.FileServer: Default base='/media/intenso_drive_512/martelleur/LNU/2dv609/2dv609_prototypes/WinnerDrinks'
2021-05-29 09:46:21,439 INFO o.a.j.g.a.Load: Loading file: /media/intenso_drive_512/martelleur/LNU/2dv609/JMeter/winner_drinks_load_test.jmx
2021-05-29 09:46:21,441 INFO o.a.j.s.FileServer: Set new base='/media/intenso_drive_512/martelleur/LNU/2dv609/JMeter'
2021-05-29 09:46:21,876 INFO o.a.j.s.SaveService: Testplan (JMX) version: 2.2. Testlog (JTL) version: 2.2
2021-05-29 09:46:21,908 INFO o.a.j.s.SaveService: Using SaveService properties version 5.0
2021-05-29 09:46:21,929 INFO o.a.j.s.SaveService: Using SaveService properties file encoding UTF-8
2021-05-29 09:46:21,947 INFO o.a.j.s.SaveService: Loading file: /media/intenso_drive_512/martelleur/LNU/2dv609/JMeter/winner_drinks_load_test.jmx
2021-05-29 09:46:22,492 INFO o.a.j.v.ViewResultsFullVisualizer: Add JavaFX to your Java installation if you want to use renderer: org.apache.jmeter.visualizers.RenderInBrowser
2021-05-29 09:46:22,707 INFO o.a.j.s.FileServer: Set new base='/media/intenso_drive_512/martelleur/LNU/2dv609/JMeter'
